\BOOKMARK [1][-]{section.1}{\376\377\000M\000o\000d\000u\000l\000e\000s\000\040\000U\000s\000e\000d}{}% 1
\BOOKMARK [1][-]{section.2}{\376\377\000D\000i\000r\000e\000c\000t\000o\000r\000y\000\040\000S\000t\000r\000u\000c\000t\000u\000r\000e}{}% 2
\BOOKMARK [1][-]{section.3}{\376\377\000R\000u\000n\000n\000i\000n\000g\000\040\000I\000n\000s\000t\000r\000u\000c\000t\000i\000o\000n\000s}{}% 3
\BOOKMARK [1][-]{section.4}{\376\377\000F\000e\000a\000t\000u\000r\000e\000s}{}% 4
\BOOKMARK [2][-]{subsection.4.1}{\376\377\000M\000e\000n\000u\000\040\000S\000c\000r\000e\000e\000n}{section.4}% 5
\BOOKMARK [2][-]{subsection.4.2}{\376\377\000G\000a\000m\000e\000\040\000S\000c\000r\000e\000e\000n}{section.4}% 6
\BOOKMARK [2][-]{subsection.4.3}{\376\377\000E\000n\000d\000\040\000S\000c\000r\000e\000e\000n}{section.4}% 7
\BOOKMARK [1][-]{section.5}{\376\377\000P\000r\000o\000j\000e\000c\000t\000\040\000J\000o\000u\000r\000n\000e\000y}{}% 8
\BOOKMARK [2][-]{subsection.5.1}{\376\377\000T\000h\000e\000\040\000B\000o\000o\000k}{section.5}% 9
\BOOKMARK [2][-]{subsection.5.2}{\376\377\000T\000h\000e\000\040\000M\000a\000z\000e\000\040\000m\000a\000t\000r\000i\000x}{section.5}% 10
\BOOKMARK [2][-]{subsection.5.3}{\376\377\000T\000h\000e\000\040\000M\000a\000p}{section.5}% 11
\BOOKMARK [2][-]{subsection.5.4}{\376\377\000T\000h\000e\000\040\000C\000a\000m\000e\000r\000a\000\040\000a\000n\000d\000\040\000T\000h\000e\000\040\000P\000e\000g\000i\000o\000n}{section.5}% 12
\BOOKMARK [2][-]{subsection.5.5}{\376\377\000G\000i\000t\000\040\000L\000o\000g}{section.5}% 13
\BOOKMARK [1][-]{section.6}{\376\377\000M\000a\000z\000e\000\040\000G\000e\000n\000e\000r\000a\000t\000i\000o\000n\000\040\000A\000l\000g\000o\000r\000i\000t\000h\000m\000s}{}% 14
\BOOKMARK [2][-]{subsection.6.1}{\376\377\000K\000r\000u\000s\000k\000a\000l\000'\000s\000\040\000A\000l\000g\000o\000r\000i\000t\000h\000m}{section.6}% 15
\BOOKMARK [2][-]{subsection.6.2}{\376\377\000P\000r\000i\000s\000m\000'\000s\000\040\000A\000l\000g\000o\000r\000i\000t\000h\000m}{section.6}% 16
\BOOKMARK [2][-]{subsection.6.3}{\376\377\000R\000e\000c\000u\000r\000s\000i\000v\000e\000\040\000B\000a\000c\000k\000t\000r\000a\000c\000i\000n\000g}{section.6}% 17
\BOOKMARK [2][-]{subsection.6.4}{\376\377\000A\000l\000d\000o\000u\000s\000-\000B\000r\000o\000d\000e\000r\000\040\000A\000l\000g\000o\000r\000i\000t\000h\000m}{section.6}% 18
\BOOKMARK [2][-]{subsection.6.5}{\376\377\000W\000i\000l\000s\000o\000n\000'\000s\000\040\000A\000l\000g\000o\000r\000i\000t\000h\000m}{section.6}% 19
\BOOKMARK [2][-]{subsection.6.6}{\376\377\000H\000u\000n\000t\000\040\000a\000n\000d\000\040\000K\000i\000l\000l\000\040\000A\000l\000g\000o\000r\000i\000t\000h\000m}{section.6}% 20
\BOOKMARK [2][-]{subsection.6.7}{\376\377\000G\000r\000o\000w\000i\000n\000g\000\040\000T\000r\000e\000e\000\040\000A\000l\000g\000o\000r\000i\000t\000h\000m}{section.6}% 21
\BOOKMARK [2][-]{subsection.6.8}{\376\377\000E\000l\000l\000e\000r\000'\000s\000\040\000A\000l\000g\000o\000r\000i\000t\000h\000m}{section.6}% 22
\BOOKMARK [1][-]{section.7}{\376\377\000M\000y\000\040\000A\000l\000g\000o\000r\000i\000t\000h\000m}{}% 23
